Flutter crash report.
Please report a bug at https://github.com/flutter/flutter/issues.

## command

flutter --quiet assemble --no-version-check --depfile C:\Users\ENG\Desktop\saifix\build\app\intermediates\flutter\release/flutter_build.d --output C:\Users\ENG\Desktop\saifix\build\app\intermediates\flutter\release -dTargetFile=lib\main.dart -dTargetPlatform=android -dBuildMode=release -dTrackWidgetCreation=true -dTreeShakeIcons=true -dFlavor= -dAndroidArchs=android-arm android-arm64 android-x64 -dMinSdkVersion=21 android_aot_bundle_release_android-arm android_aot_bundle_release_android-arm64 android_aot_bundle_release_android-x64

## exception

PathAccessException: PathAccessException: Cannot open file, path = 'C:\Users\ENG\Desktop\saifix\.dart_tool\flutter_build\2c69cb74d2d4d7ca0b74cb3e8ddf5844\flutter_android_aot_release_android-x64.d' (OS Error: The process cannot access the file because it is being used by another process.
, errno = 32)

```
#0      _File.throwIfError (dart:io/file_impl.dart:782:7)
#1      _File.openSync (dart:io/file_impl.dart:575:5)
#2      _File.readAsBytesSync (dart:io/file_impl.dart:663:18)
#3      _File.readAsStringSync (dart:io/file_impl.dart:718:18)
#4      ForwardingFile.readAsStringSync (package:file/src/forwarding/forwarding_file.dart:99:16)
#5      ErrorHandlingFile.readAsStringSync.<anonymous closure> (package:flutter_tools/src/base/error_handling_io.dart:212:22)
#6      _runSync (package:flutter_tools/src/base/error_handling_io.dart:550:14)
#7      ErrorHandlingFile.readAsStringSync (package:flutter_tools/src/base/error_handling_io.dart:211:12)
#8      SourceVisitor.visitDepfile (package:flutter_tools/src/build_system/source.dart:55:37)
#9      List.forEach (dart:core-patch/growable_array.dart:421:8)
#10     Target._resolveConfiguration (package:flutter_tools/src/build_system/build_system.dart:250:14)
#11     Target.resolveOutputs (package:flutter_tools/src/build_system/build_system.dart:205:12)
#12     Target._toNode (package:flutter_tools/src/build_system/build_system.dart:162:39)
#13     Target._toNode (package:flutter_tools/src/build_system/build_system.dart:167:63)
#14     Target._toNode (package:flutter_tools/src/build_system/build_system.dart:167:63)
#15     FlutterBuildSystem.build (package:flutter_tools/src/build_system/build_system.dart:626:30)
#16     AssembleCommand.runCommand (package:flutter_tools/src/commands/assemble.dart:354:51)
#17     FlutterCommand.verifyThenRunCommand (package:flutter_tools/src/runner/flutter_command.dart:1938:12)
<asynchronous suspension>
#18     FlutterCommand.run.<anonymous closure> (package:flutter_tools/src/runner/flutter_command.dart:1558:27)
<asynchronous suspension>
#19     AppContext.run.<anonymous closure> (package:flutter_tools/src/base/context.dart:154:19)
<asynchronous suspension>
#20     CommandRunner.runCommand (package:args/command_runner.dart:212:13)
<asynchronous suspension>
#21     FlutterCommandRunner.runCommand.<anonymous closure> (package:flutter_tools/src/runner/flutter_command_runner.dart:496:9)
<asynchronous suspension>
#22     AppContext.run.<anonymous closure> (package:flutter_tools/src/base/context.dart:154:19)
<asynchronous suspension>
#23     FlutterCommandRunner.runCommand (package:flutter_tools/src/runner/flutter_command_runner.dart:431:5)
<asynchronous suspension>
#24     run.<anonymous closure>.<anonymous closure> (package:flutter_tools/runner.dart:98:11)
<asynchronous suspension>
#25     AppContext.run.<anonymous closure> (package:flutter_tools/src/base/context.dart:154:19)
<asynchronous suspension>
#26     main (package:flutter_tools/executable.dart:99:3)
<asynchronous suspension>
```

## flutter doctor

```
[!] Flutter (Channel [user-branch], 3.29.3, on Microsoft Windows [Version 10.0.26200.8037], locale ar-SA) [927ms]
    ! Flutter version 3.29.3 on channel [user-branch] at C:\flutter
      Currently on an unknown channel. Run `flutter channel` to switch to an official channel.
      If that doesn't fix the issue, reinstall Flutter by following instructions at https://flutter.dev/setup.
    ! Upstream repository unknown source is not a standard remote.
      Set environment variable "FLUTTER_GIT_URL" to unknown source to dismiss this error.
    • Framework revision ea121f8859 (1 year ago), 2025-04-11 19:10:07 +0000
    • Engine revision cf56914b32
    • Dart version 3.7.2
    • DevTools version 2.42.3
    • If those were intentional, you can disregard the above warnings; however it is recommended to use "git" directly to perform update checks and upgrades.

[✓] Windows Version (Windows 11 or higher, 25H2, 2009) [1,352ms]

[!] Android toolchain - develop for Android devices (Android SDK version 36.1.0) [4.3s]
    • Android SDK at C:\Users\ENG\AppData\Local\Android\sdk
    • Platform android-36, build-tools 36.1.0
    • Java binary at: C:\Program Files\Android\Android Studio\jbr\bin\java
      This is the JDK bundled with the latest Android Studio installation on this machine.
      To manually set the JDK path, use: `flutter config --jdk-dir="path/to/jdk"`.
    • Java version OpenJDK Runtime Environment (build 21.0.6+-13355223-b631.42)
    ✗ Android licenses not accepted. To resolve this, run: flutter doctor --android-licenses

[✓] Chrome - develop for the web [182ms]
    • Chrome at C:\Program Files\Google\Chrome\Application\chrome.exe

[✓] Visual Studio - develop Windows apps (Visual Studio Professional 2019 16.4.4) [181ms]
    • Visual Studio at C:\Program Files (x86)\Microsoft Visual Studio\2019\Professional
    • Visual Studio Professional 2019 version 16.4.29728.190
    • Windows 10 SDK version 10.0.18362.0

[✓] Android Studio (version 2024.3) [24ms]
    • Android Studio at C:\Program Files\Android\Android Studio
    • Flutter plugin can be installed from:
      🔨 https://plugins.jetbrains.com/plugin/9212-flutter
    • Dart plugin can be installed from:
      🔨 https://plugins.jetbrains.com/plugin/6351-dart
    • Java version OpenJDK Runtime Environment (build 21.0.6+-13355223-b631.42)

[✓] VS Code (version unknown) [22ms]
    • VS Code at C:\Users\ENG\AppData\Local\Programs\Microsoft VS Code
    • Flutter extension version 3.132.0
    ✗ Unable to determine VS Code version.

[✓] Connected device (3 available) [257ms]
    • Windows (desktop) • windows • windows-x64    • Microsoft Windows [Version 10.0.26200.8037]
    • Chrome (web)      • chrome  • web-javascript • Google Chrome 146.0.7680.180
    • Edge (web)        • edge    • web-javascript • Microsoft Edge 146.0.3856.109

[✓] Network resources [618ms]
    • All expected network resources are available.

! Doctor found issues in 2 categories.
```
